<?xml version="1.0" encoding="UTF-8"?>
<!-- Generated by org.testng.reporters.JUnitReportReporter -->
<testsuite hostname="EPBYMINW2703" name="Test.NewTest" tests="1" failures="0" timestamp="3 Oct 2014 17:17:04 GMT" time="3.483" errors="0">
  <testcase name="openAccountGmail" time="3.483" classname="Test.NewTest"/>
</testsuite> <!-- Test.NewTest -->
