<?xml version="1.0" encoding="UTF-8"?>
<!-- Generated by org.testng.reporters.JUnitReportReporter -->
<testsuite hostname="EPBYMINW2703" name="Test.letterFromUser1GoToSpamFolder" tests="1" failures="0" timestamp="7 Oct 2014 10:16:15 GMT" time="30.845" errors="0">
  <testcase name="FirstUserSendMessageToSecondUser" time="30.845" classname="Test.letterFromUser1GoToSpamFolder"/>
</testsuite> <!-- Test.letterFromUser1GoToSpamFolder -->
