<?xml version="1.0" encoding="UTF-8"?>
<!-- Generated by org.testng.reporters.JUnitReportReporter -->
<testsuite hostname="EPBYMINW2703" name="pages.OneTest" tests="1" failures="0" timestamp="3 Oct 2014 15:57:05 GMT" time="23.910" errors="0">
  <testcase name="OneCanViewGoogle" time="23.910" classname="pages.OneTest"/>
</testsuite> <!-- pages.OneTest -->
