<?xml version="1.0" encoding="UTF-8"?>
<!-- Generated by org.testng.reporters.JUnitReportReporter -->
<testsuite hostname="EPBYMINW2703" name="Test.letterFromUser1GoToSpamFolder" tests="1" failures="0" timestamp="3 Oct 2014 18:37:35 GMT" time="8.785" errors="0">
  <testcase name="openAccountGmail" time="8.785" classname="Test.letterFromUser1GoToSpamFolder"/>
</testsuite> <!-- Test.letterFromUser1GoToSpamFolder -->
